<?xml version="1.0" encoding="UTF-8"?>
<!-- Generated by org.testng.reporters.JUnitReportReporter -->
<testsuite hostname="liuedx-PC" name="test.java.NewTest" tests="1" failures="0" timestamp="4 Nov 2015 02:31:15 GMT" time="13.792" errors="0">
  <testcase name="f" time="13.792" classname="test.java.NewTest"/>
</testsuite> <!-- test.java.NewTest -->
