<?xml version="1.0" encoding="UTF-8"?>
<!-- Generated by org.testng.reporters.JUnitReportReporter -->
<testsuite hostname="liuedx-PC" name="Automation_TC.TestNG_Framework" tests="1" failures="0" timestamp="18 Oct 2015 05:29:45 GMT" time="10.326" errors="0">
  <testcase name="f" time="10.326" classname="Automation_TC.TestNG_Framework"/>
</testsuite> <!-- Automation_TC.TestNG_Framework -->
